  RUN.cpp
D:\Internship\DHub & ODC\Code\TASK\3\Mushroom\Data.h(61,59): warning C4267: '=': conversion from 'size_t' to '_Ty', possible loss of data
D:\Internship\DHub & ODC\Code\TASK\3\Mushroom\Data.h(61,59): warning C4267:         with
D:\Internship\DHub & ODC\Code\TASK\3\Mushroom\Data.h(61,59): warning C4267:         [
D:\Internship\DHub & ODC\Code\TASK\3\Mushroom\Data.h(61,59): warning C4267:             _Ty=int
D:\Internship\DHub & ODC\Code\TASK\3\Mushroom\Data.h(61,59): warning C4267:         ]
  (compiling source file 'RUN.cpp')
  
D:\Internship\DHub & ODC\Code\TASK\3\Mushroom\Data.h(69,29): warning C4267: 'initializing': conversion from 'size_t' to 'int', possible loss of data
  (compiling source file 'RUN.cpp')
  
D:\Internship\DHub & ODC\Code\TASK\3\Mushroom\Data.h(100,55): warning C4267: '=': conversion from 'size_t' to '_Ty', possible loss of data
D:\Internship\DHub & ODC\Code\TASK\3\Mushroom\Data.h(100,55): warning C4267:         with
D:\Internship\DHub & ODC\Code\TASK\3\Mushroom\Data.h(100,55): warning C4267:         [
D:\Internship\DHub & ODC\Code\TASK\3\Mushroom\Data.h(100,55): warning C4267:             _Ty=int
D:\Internship\DHub & ODC\Code\TASK\3\Mushroom\Data.h(100,55): warning C4267:         ]
  (compiling source file 'RUN.cpp')
  
D:\Internship\DHub & ODC\Code\TASK\3\Mushroom\Data.h(110,53): warning C4267: '=': conversion from 'size_t' to '_Ty', possible loss of data
D:\Internship\DHub & ODC\Code\TASK\3\Mushroom\Data.h(110,53): warning C4267:         with
D:\Internship\DHub & ODC\Code\TASK\3\Mushroom\Data.h(110,53): warning C4267:         [
D:\Internship\DHub & ODC\Code\TASK\3\Mushroom\Data.h(110,53): warning C4267:             _Ty=int
D:\Internship\DHub & ODC\Code\TASK\3\Mushroom\Data.h(110,53): warning C4267:         ]
  (compiling source file 'RUN.cpp')
  
D:\Internship\DHub & ODC\Code\TASK\3\Mushroom\Data.h(117,25): warning C4267: 'initializing': conversion from 'size_t' to 'int', possible loss of data
  (compiling source file 'RUN.cpp')
  
D:\Internship\DHub & ODC\Code\TASK\3\Mushroom\Data.h(143,29): warning C4267: 'initializing': conversion from 'size_t' to 'int', possible loss of data
  (compiling source file 'RUN.cpp')
  
D:\Internship\DHub & ODC\Code\TASK\3\Mushroom\Data.h(274,24): warning C4267: 'initializing': conversion from 'size_t' to 'int', possible loss of data
  (compiling source file 'RUN.cpp')
  
D:\Internship\DHub & ODC\Code\TASK\3\Mushroom\Data.h(289,24): warning C4267: 'initializing': conversion from 'size_t' to 'int', possible loss of data
  (compiling source file 'RUN.cpp')
  
D:\Internship\DHub & ODC\Code\TASK\3\Mushroom\Data.h(307,24): warning C4267: 'initializing': conversion from 'size_t' to 'int', possible loss of data
  (compiling source file 'RUN.cpp')
  
D:\Internship\DHub & ODC\Code\TASK\3\Mushroom\Data.h(328,24): warning C4267: 'initializing': conversion from 'size_t' to 'int', possible loss of data
  (compiling source file 'RUN.cpp')
  
D:\Internship\DHub & ODC\Code\TASK\3\Mushroom\Data.h(336,19): warning C4267: 'initializing': conversion from 'size_t' to 'int', possible loss of data
  (compiling source file 'RUN.cpp')
  
D:\Internship\DHub & ODC\Code\TASK\3\Mushroom\Data.h(353,24): warning C4267: 'initializing': conversion from 'size_t' to 'int', possible loss of data
  (compiling source file 'RUN.cpp')
  
D:\Internship\DHub & ODC\Code\TASK\3\Mushroom\Data.h(379,24): warning C4267: 'initializing': conversion from 'size_t' to 'int', possible loss of data
  (compiling source file 'RUN.cpp')
  
D:\Internship\DHub & ODC\Code\TASK\3\Mushroom\Data.h(406,24): warning C4267: 'initializing': conversion from 'size_t' to 'int', possible loss of data
  (compiling source file 'RUN.cpp')
  
D:\Internship\DHub & ODC\Code\TASK\3\Mushroom\Data.h(407,21): warning C4267: 'initializing': conversion from 'size_t' to 'int', possible loss of data
  (compiling source file 'RUN.cpp')
  
D:\Internship\DHub & ODC\Code\TASK\3\Mushroom\Data.h(483,24): warning C4267: 'initializing': conversion from 'size_t' to 'int', possible loss of data
  (compiling source file 'RUN.cpp')
  
D:\Internship\DHub & ODC\Code\TASK\3\Mushroom\Data.h(484,21): warning C4267: 'initializing': conversion from 'size_t' to 'int', possible loss of data
  (compiling source file 'RUN.cpp')
  
D:\Internship\DHub & ODC\Code\TASK\3\Mushroom\Data.h(523,25): warning C4267: 'initializing': conversion from 'size_t' to 'int', possible loss of data
  (compiling source file 'RUN.cpp')
  
D:\Internship\DHub & ODC\Code\TASK\3\Mushroom\Data.h(524,24): warning C4267: 'initializing': conversion from 'size_t' to 'int', possible loss of data
  (compiling source file 'RUN.cpp')
  
D:\Internship\DHub & ODC\Code\TASK\3\Mushroom\Data.h(570,15): warning C4267: 'initializing': conversion from 'size_t' to 'int', possible loss of data
  (compiling source file 'RUN.cpp')
  
D:\Internship\DHub & ODC\Code\TASK\3\Mushroom\Data.h(729,22): warning C4244: 'initializing': conversion from 'unsigned __int64' to 'double', possible loss of data
  (compiling source file 'RUN.cpp')
  
D:\Internship\DHub & ODC\Code\TASK\3\Mushroom\Data.h(740,22): warning C4244: 'initializing': conversion from 'unsigned __int64' to 'double', possible loss of data
  (compiling source file 'RUN.cpp')
  
D:\Internship\DHub & ODC\Code\TASK\3\Mushroom\Data.h(771,24): warning C4244: 'initializing': conversion from '__int64' to 'double', possible loss of data
  (compiling source file 'RUN.cpp')
  
D:\Internship\DHub & ODC\Code\TASK\3\Mushroom\Data.h(866,18): warning C4267: 'initializing': conversion from 'size_t' to 'int', possible loss of data
  (compiling source file 'RUN.cpp')
  
D:\Internship\DHub & ODC\Code\TASK\3\Mushroom\Data.h(867,18): warning C4267: 'initializing': conversion from 'size_t' to 'int', possible loss of data
  (compiling source file 'RUN.cpp')
  
D:\Internship\DHub & ODC\Code\TASK\3\Mushroom\SVM.h(52,23): warning C4267: 'initializing': conversion from 'size_t' to 'int', possible loss of data
  (compiling source file 'RUN.cpp')
  
D:\Internship\DHub & ODC\Code\TASK\3\Mushroom\SVM.h(53,24): warning C4267: 'initializing': conversion from 'size_t' to 'int', possible loss of data
  (compiling source file 'RUN.cpp')
  
D:\Internship\DHub & ODC\Code\TASK\3\Mushroom\RUN.cpp(127,13): warning C4129: ' ': unrecognized character escape sequence
D:\Internship\DHub & ODC\Code\TASK\3\Mushroom\RUN.cpp(134,21): warning C4267: 'initializing': conversion from 'size_t' to 'int', possible loss of data
C:\Program Files\Microsoft Visual Studio\2022\Enterprise\VC\Tools\MSVC\14.39.33519\include\utility(250,16): warning C4267: 'initializing': conversion from 'size_t' to '_Ty1', possible loss of data
C:\Program Files\Microsoft Visual Studio\2022\Enterprise\VC\Tools\MSVC\14.39.33519\include\utility(250,16): warning C4267:         with
C:\Program Files\Microsoft Visual Studio\2022\Enterprise\VC\Tools\MSVC\14.39.33519\include\utility(250,16): warning C4267:         [
C:\Program Files\Microsoft Visual Studio\2022\Enterprise\VC\Tools\MSVC\14.39.33519\include\utility(250,16): warning C4267:             _Ty1=int
C:\Program Files\Microsoft Visual Studio\2022\Enterprise\VC\Tools\MSVC\14.39.33519\include\utility(250,16): warning C4267:         ]
  (compiling source file 'RUN.cpp')
  C:\Program Files\Microsoft Visual Studio\2022\Enterprise\VC\Tools\MSVC\14.39.33519\include\utility(250,16):
  the template instantiation context (the oldest one first) is
  	D:\Internship\DHub & ODC\Code\TASK\3\Mushroom\Data.h(605,9):
  	see reference to function template instantiation 'std::pair<int,int>::pair<unsigned __int64,unsigned __int64,0>(_Other1 &&,_Other2 &&) noexcept' being compiled
          with
          [
              _Other1=unsigned __int64,
              _Other2=unsigned __int64
          ]
  		D:\Internship\DHub & ODC\Code\TASK\3\Mushroom\Data.h(605,9):
  		see the first reference to 'std::pair<int,int>::pair' in 'Data::shape'
  
C:\Program Files\Microsoft Visual Studio\2022\Enterprise\VC\Tools\MSVC\14.39.33519\include\utility(250,54): warning C4267: 'initializing': conversion from 'size_t' to '_Ty2', possible loss of data
C:\Program Files\Microsoft Visual Studio\2022\Enterprise\VC\Tools\MSVC\14.39.33519\include\utility(250,54): warning C4267:         with
C:\Program Files\Microsoft Visual Studio\2022\Enterprise\VC\Tools\MSVC\14.39.33519\include\utility(250,54): warning C4267:         [
C:\Program Files\Microsoft Visual Studio\2022\Enterprise\VC\Tools\MSVC\14.39.33519\include\utility(250,54): warning C4267:             _Ty2=int
C:\Program Files\Microsoft Visual Studio\2022\Enterprise\VC\Tools\MSVC\14.39.33519\include\utility(250,54): warning C4267:         ]
  (compiling source file 'RUN.cpp')
  
D:\Internship\DHub & ODC\Code\TASK\3\Mushroom\Data.h(838,1): warning C4715: 'Data::feature_selection': not all control paths return a value
  Mushroom.vcxproj -> D:\Internship\DHub & ODC\Code\TASK\3\Mushroom\x64\Debug\Mushroom.exe
