  ECommerce.cpp
D:\Internship\DHub & ODC\Code\TASK\2\ECommerce\Data.h(62,59): warning C4267: '=': conversion from 'size_t' to '_Ty', possible loss of data
D:\Internship\DHub & ODC\Code\TASK\2\ECommerce\Data.h(62,59): warning C4267:         with
D:\Internship\DHub & ODC\Code\TASK\2\ECommerce\Data.h(62,59): warning C4267:         [
D:\Internship\DHub & ODC\Code\TASK\2\ECommerce\Data.h(62,59): warning C4267:             _Ty=int
D:\Internship\DHub & ODC\Code\TASK\2\ECommerce\Data.h(62,59): warning C4267:         ]
  (compiling source file 'ECommerce.cpp')
  
D:\Internship\DHub & ODC\Code\TASK\2\ECommerce\Data.h(70,29): warning C4267: 'initializing': conversion from 'size_t' to 'int', possible loss of data
  (compiling source file 'ECommerce.cpp')
  
D:\Internship\DHub & ODC\Code\TASK\2\ECommerce\Data.h(117,55): warning C4267: '=': conversion from 'size_t' to '_Ty', possible loss of data
D:\Internship\DHub & ODC\Code\TASK\2\ECommerce\Data.h(117,55): warning C4267:         with
D:\Internship\DHub & ODC\Code\TASK\2\ECommerce\Data.h(117,55): warning C4267:         [
D:\Internship\DHub & ODC\Code\TASK\2\ECommerce\Data.h(117,55): warning C4267:             _Ty=int
D:\Internship\DHub & ODC\Code\TASK\2\ECommerce\Data.h(117,55): warning C4267:         ]
  (compiling source file 'ECommerce.cpp')
  
D:\Internship\DHub & ODC\Code\TASK\2\ECommerce\Data.h(127,53): warning C4267: '=': conversion from 'size_t' to '_Ty', possible loss of data
D:\Internship\DHub & ODC\Code\TASK\2\ECommerce\Data.h(127,53): warning C4267:         with
D:\Internship\DHub & ODC\Code\TASK\2\ECommerce\Data.h(127,53): warning C4267:         [
D:\Internship\DHub & ODC\Code\TASK\2\ECommerce\Data.h(127,53): warning C4267:             _Ty=int
D:\Internship\DHub & ODC\Code\TASK\2\ECommerce\Data.h(127,53): warning C4267:         ]
  (compiling source file 'ECommerce.cpp')
  
D:\Internship\DHub & ODC\Code\TASK\2\ECommerce\Data.h(134,25): warning C4267: 'initializing': conversion from 'size_t' to 'int', possible loss of data
  (compiling source file 'ECommerce.cpp')
  
D:\Internship\DHub & ODC\Code\TASK\2\ECommerce\Data.h(160,29): warning C4267: 'initializing': conversion from 'size_t' to 'int', possible loss of data
  (compiling source file 'ECommerce.cpp')
  
D:\Internship\DHub & ODC\Code\TASK\2\ECommerce\Data.h(308,24): warning C4267: 'initializing': conversion from 'size_t' to 'int', possible loss of data
  (compiling source file 'ECommerce.cpp')
  
D:\Internship\DHub & ODC\Code\TASK\2\ECommerce\Data.h(323,24): warning C4267: 'initializing': conversion from 'size_t' to 'int', possible loss of data
  (compiling source file 'ECommerce.cpp')
  
D:\Internship\DHub & ODC\Code\TASK\2\ECommerce\Data.h(341,24): warning C4267: 'initializing': conversion from 'size_t' to 'int', possible loss of data
  (compiling source file 'ECommerce.cpp')
  
D:\Internship\DHub & ODC\Code\TASK\2\ECommerce\Data.h(362,24): warning C4267: 'initializing': conversion from 'size_t' to 'int', possible loss of data
  (compiling source file 'ECommerce.cpp')
  
D:\Internship\DHub & ODC\Code\TASK\2\ECommerce\Data.h(370,19): warning C4267: 'initializing': conversion from 'size_t' to 'int', possible loss of data
  (compiling source file 'ECommerce.cpp')
  
D:\Internship\DHub & ODC\Code\TASK\2\ECommerce\Data.h(387,24): warning C4267: 'initializing': conversion from 'size_t' to 'int', possible loss of data
  (compiling source file 'ECommerce.cpp')
  
D:\Internship\DHub & ODC\Code\TASK\2\ECommerce\Data.h(413,24): warning C4267: 'initializing': conversion from 'size_t' to 'int', possible loss of data
  (compiling source file 'ECommerce.cpp')
  
D:\Internship\DHub & ODC\Code\TASK\2\ECommerce\Data.h(440,24): warning C4267: 'initializing': conversion from 'size_t' to 'int', possible loss of data
  (compiling source file 'ECommerce.cpp')
  
D:\Internship\DHub & ODC\Code\TASK\2\ECommerce\Data.h(441,21): warning C4267: 'initializing': conversion from 'size_t' to 'int', possible loss of data
  (compiling source file 'ECommerce.cpp')
  
D:\Internship\DHub & ODC\Code\TASK\2\ECommerce\Data.h(517,24): warning C4267: 'initializing': conversion from 'size_t' to 'int', possible loss of data
  (compiling source file 'ECommerce.cpp')
  
D:\Internship\DHub & ODC\Code\TASK\2\ECommerce\Data.h(518,21): warning C4267: 'initializing': conversion from 'size_t' to 'int', possible loss of data
  (compiling source file 'ECommerce.cpp')
  
D:\Internship\DHub & ODC\Code\TASK\2\ECommerce\Data.h(557,25): warning C4267: 'initializing': conversion from 'size_t' to 'int', possible loss of data
  (compiling source file 'ECommerce.cpp')
  
D:\Internship\DHub & ODC\Code\TASK\2\ECommerce\Data.h(558,24): warning C4267: 'initializing': conversion from 'size_t' to 'int', possible loss of data
  (compiling source file 'ECommerce.cpp')
  
D:\Internship\DHub & ODC\Code\TASK\2\ECommerce\Data.h(604,15): warning C4267: 'initializing': conversion from 'size_t' to 'int', possible loss of data
  (compiling source file 'ECommerce.cpp')
  
D:\Internship\DHub & ODC\Code\TASK\2\ECommerce\Data.h(763,22): warning C4244: 'initializing': conversion from 'unsigned __int64' to 'double', possible loss of data
  (compiling source file 'ECommerce.cpp')
  
D:\Internship\DHub & ODC\Code\TASK\2\ECommerce\Data.h(774,22): warning C4244: 'initializing': conversion from 'unsigned __int64' to 'double', possible loss of data
  (compiling source file 'ECommerce.cpp')
  
D:\Internship\DHub & ODC\Code\TASK\2\ECommerce\Data.h(805,24): warning C4244: 'initializing': conversion from '__int64' to 'double', possible loss of data
  (compiling source file 'ECommerce.cpp')
  
D:\Internship\DHub & ODC\Code\TASK\2\ECommerce\Data.h(900,18): warning C4267: 'initializing': conversion from 'size_t' to 'int', possible loss of data
  (compiling source file 'ECommerce.cpp')
  
D:\Internship\DHub & ODC\Code\TASK\2\ECommerce\Data.h(901,18): warning C4267: 'initializing': conversion from 'size_t' to 'int', possible loss of data
  (compiling source file 'ECommerce.cpp')
  
D:\Internship\DHub & ODC\Code\TASK\2\ECommerce\SVM.h(33,23): warning C4267: 'initializing': conversion from 'size_t' to 'int', possible loss of data
  (compiling source file 'ECommerce.cpp')
  
D:\Internship\DHub & ODC\Code\TASK\2\ECommerce\SVM.h(34,24): warning C4267: 'initializing': conversion from 'size_t' to 'int', possible loss of data
  (compiling source file 'ECommerce.cpp')
  
D:\Internship\DHub & ODC\Code\TASK\2\ECommerce\ECommerce.cpp(155,13): warning C4129: ' ': unrecognized character escape sequence
D:\Internship\DHub & ODC\Code\TASK\2\ECommerce\ECommerce.cpp(161,21): warning C4267: 'initializing': conversion from 'size_t' to 'int', possible loss of data
C:\Program Files\Microsoft Visual Studio\2022\Enterprise\VC\Tools\MSVC\14.39.33519\include\utility(250,16): warning C4267: 'initializing': conversion from 'size_t' to '_Ty1', possible loss of data
C:\Program Files\Microsoft Visual Studio\2022\Enterprise\VC\Tools\MSVC\14.39.33519\include\utility(250,16): warning C4267:         with
C:\Program Files\Microsoft Visual Studio\2022\Enterprise\VC\Tools\MSVC\14.39.33519\include\utility(250,16): warning C4267:         [
C:\Program Files\Microsoft Visual Studio\2022\Enterprise\VC\Tools\MSVC\14.39.33519\include\utility(250,16): warning C4267:             _Ty1=int
C:\Program Files\Microsoft Visual Studio\2022\Enterprise\VC\Tools\MSVC\14.39.33519\include\utility(250,16): warning C4267:         ]
  (compiling source file 'ECommerce.cpp')
  C:\Program Files\Microsoft Visual Studio\2022\Enterprise\VC\Tools\MSVC\14.39.33519\include\utility(250,16):
  the template instantiation context (the oldest one first) is
  	D:\Internship\DHub & ODC\Code\TASK\2\ECommerce\Data.h(639,9):
  	see reference to function template instantiation 'std::pair<int,int>::pair<unsigned __int64,unsigned __int64,0>(_Other1 &&,_Other2 &&) noexcept' being compiled
          with
          [
              _Other1=unsigned __int64,
              _Other2=unsigned __int64
          ]
  		D:\Internship\DHub & ODC\Code\TASK\2\ECommerce\Data.h(639,9):
  		see the first reference to 'std::pair<int,int>::pair' in 'Data::shape'
  
C:\Program Files\Microsoft Visual Studio\2022\Enterprise\VC\Tools\MSVC\14.39.33519\include\utility(250,54): warning C4267: 'initializing': conversion from 'size_t' to '_Ty2', possible loss of data
C:\Program Files\Microsoft Visual Studio\2022\Enterprise\VC\Tools\MSVC\14.39.33519\include\utility(250,54): warning C4267:         with
C:\Program Files\Microsoft Visual Studio\2022\Enterprise\VC\Tools\MSVC\14.39.33519\include\utility(250,54): warning C4267:         [
C:\Program Files\Microsoft Visual Studio\2022\Enterprise\VC\Tools\MSVC\14.39.33519\include\utility(250,54): warning C4267:             _Ty2=int
C:\Program Files\Microsoft Visual Studio\2022\Enterprise\VC\Tools\MSVC\14.39.33519\include\utility(250,54): warning C4267:         ]
  (compiling source file 'ECommerce.cpp')
  
D:\Internship\DHub & ODC\Code\TASK\2\ECommerce\Data.h(872,1): warning C4715: 'Data::feature_selection': not all control paths return a value
  ECommerce.vcxproj -> D:\Internship\DHub & ODC\Code\TASK\2\ECommerce\x64\Debug\ECommerce.exe
